[2026-06-19 10:39:16] tick start
[2026-06-19 10:39:18] DM FAIL The term 'if' is not recognized as a name of a cmdlet, function, script file, or executable program.
Check the spelling of the name, or if a path was included, verify that the path is correct and try again.
[2026-06-19 10:39:18] tick done
[2026-06-19 10:41:30] tick start
[2026-06-19 10:41:32] DM HTTP 200 (tick 1)
[2026-06-19 10:41:32] tick done
[2026-06-19 10:42:40] tick start
[2026-06-19 10:42:42] DM HTTP 200 (tick 2)
[2026-06-19 10:42:42] tick done
[2026-06-19 11:12:01] tick start
[2026-06-19 11:12:03] DM HTTP 200 (tick 3)
[2026-06-19 11:12:03] tick done
[2026-06-19 11:42:00] tick start
[2026-06-19 11:42:03] DM HTTP 200 (tick 4 BIG)
[2026-06-19 11:42:03] tick done
[2026-06-19 12:12:00] tick start
[2026-06-19 12:12:03] DM HTTP 200 (tick 5)
[2026-06-19 12:12:03] tick done
[2026-06-19 12:42:00] tick start
[2026-06-19 12:42:03] DM HTTP 200 (tick 6)
[2026-06-19 12:42:03] tick done
[2026-06-19 13:12:00] tick start
[2026-06-19 13:12:04] DM HTTP 200 (tick 7)
[2026-06-19 13:12:04] tick done
[2026-06-19 13:42:00] tick start
[2026-06-19 13:42:03] DM HTTP 200 (tick 8 BIG)
[2026-06-19 13:42:03] tick done
[2026-06-19 14:12:00] tick start
[2026-06-19 14:12:02] DM HTTP 200 (tick 9)
[2026-06-19 14:12:02] tick done
[2026-06-19 14:42:00] tick start
[2026-06-19 14:42:02] DM HTTP 200 (tick 10)
[2026-06-19 14:42:02] tick done
[2026-06-19 15:12:00] tick start
[2026-06-19 15:12:03] DM HTTP 200 (tick 11)
[2026-06-19 15:12:03] tick done
[2026-06-19 15:42:00] tick start
[2026-06-19 15:42:03] DM HTTP 200 (tick 12 BIG)
[2026-06-19 15:42:03] tick done
[2026-06-19 16:12:00] tick start
[2026-06-19 16:12:03] DM HTTP 200 (tick 13)
[2026-06-19 16:12:03] tick done
[2026-06-19 16:42:00] tick start
[2026-06-19 16:42:04] DM HTTP 200 (tick 14)
[2026-06-19 16:42:04] tick done
[2026-06-19 17:12:00] tick start
[2026-06-19 17:12:04] DM HTTP 200 (tick 15)
[2026-06-19 17:12:04] tick done
[2026-06-19 17:42:00] tick start
[2026-06-19 17:42:03] DM HTTP 200 (tick 16 BIG)
[2026-06-19 17:42:03] tick done
[2026-06-19 18:12:00] tick start
[2026-06-19 18:12:02] DM HTTP 200 (tick 17)
[2026-06-19 18:12:02] tick done
[2026-06-19 18:42:00] tick start
[2026-06-19 18:42:02] DM HTTP 200 (tick 18)
[2026-06-19 18:42:02] tick done
[2026-06-19 19:12:00] tick start
[2026-06-19 19:12:02] DM HTTP 200 (tick 19)
[2026-06-19 19:12:02] tick done
[2026-06-19 19:42:00] tick start
[2026-06-19 19:42:02] DM HTTP 200 (tick 20 BIG)
[2026-06-19 19:42:02] tick done
[2026-06-19 20:12:00] tick start
[2026-06-19 20:12:02] DM HTTP 200 (tick 21)
[2026-06-19 20:12:02] tick done
[2026-06-19 20:42:00] tick start
[2026-06-19 20:42:02] DM HTTP 200 (tick 22)
[2026-06-19 20:42:02] tick done
[2026-06-19 21:12:00] tick start
[2026-06-19 21:12:02] DM HTTP 200 (tick 23)
[2026-06-19 21:12:02] tick done
[2026-06-19 21:42:00] tick start
[2026-06-19 21:42:02] DM HTTP 200 (tick 24 BIG)
[2026-06-19 21:42:02] tick done
[2026-06-19 22:12:00] tick start
[2026-06-19 22:12:02] DM HTTP 200 (tick 25)
[2026-06-19 22:12:02] tick done
[2026-06-19 22:42:00] tick start
[2026-06-19 22:42:03] DM HTTP 200 (tick 26)
[2026-06-19 22:42:03] tick done
[2026-06-19 23:12:00] tick start
[2026-06-19 23:12:02] DM HTTP 200 (tick 27)
[2026-06-19 23:12:02] tick done
[2026-06-19 23:42:00] tick start
[2026-06-19 23:42:02] DM HTTP 200 (tick 28 BIG)
[2026-06-19 23:42:02] tick done
[2026-06-20 00:12:00] tick start
[2026-06-20 00:12:02] DM HTTP 200 (tick 29)
[2026-06-20 00:12:02] tick done
[2026-06-20 00:42:00] tick start
[2026-06-20 00:42:02] DM HTTP 200 (tick 30)
[2026-06-20 00:42:02] tick done
[2026-06-20 01:12:00] tick start
[2026-06-20 01:12:03] DM HTTP 200 (tick 31)
[2026-06-20 01:12:03] tick done
[2026-06-20 01:42:00] tick start
[2026-06-20 01:42:02] DM HTTP 200 (tick 32 BIG)
[2026-06-20 01:42:02] tick done
[2026-06-20 02:12:00] tick start
[2026-06-20 02:12:03] DM HTTP 200 (tick 33)
[2026-06-20 02:12:03] tick done
[2026-06-20 02:42:00] tick start
[2026-06-20 02:42:05] DM HTTP 200 (tick 34)
[2026-06-20 02:42:05] tick done
[2026-06-20 03:12:00] tick start
[2026-06-20 03:12:03] DM HTTP 200 (tick 35)
[2026-06-20 03:12:03] tick done
[2026-06-20 03:42:00] tick start
[2026-06-20 03:42:03] DM HTTP 200 (tick 36 BIG)
[2026-06-20 03:42:03] tick done
[2026-06-20 04:12:00] tick start
[2026-06-20 04:12:03] DM HTTP 200 (tick 37)
[2026-06-20 04:12:03] tick done
[2026-06-20 04:42:00] tick start
[2026-06-20 04:42:03] DM HTTP 200 (tick 38)
[2026-06-20 04:42:03] tick done
[2026-06-20 05:12:00] tick start
[2026-06-20 05:12:03] DM HTTP 200 (tick 39)
[2026-06-20 05:12:03] tick done
[2026-06-20 05:42:00] tick start
[2026-06-20 05:42:03] DM HTTP 200 (tick 40 BIG)
[2026-06-20 05:42:03] tick done
[2026-06-20 06:12:00] tick start
[2026-06-20 06:12:02] DM HTTP 200 (tick 41)
[2026-06-20 06:12:02] tick done
[2026-06-20 06:42:00] tick start
[2026-06-20 06:42:02] DM HTTP 200 (tick 42)
[2026-06-20 06:42:02] tick done
[2026-06-20 07:12:00] tick start
[2026-06-20 07:12:02] DM HTTP 200 (tick 43)
[2026-06-20 07:12:02] tick done
[2026-06-20 07:42:00] tick start
[2026-06-20 07:42:02] DM HTTP 200 (tick 44 BIG)
[2026-06-20 07:42:02] tick done
[2026-06-20 08:12:00] tick start
[2026-06-20 08:12:03] DM HTTP 200 (tick 45)
[2026-06-20 08:12:03] tick done
[2026-06-20 08:42:00] tick start
[2026-06-20 08:42:03] DM HTTP 200 (tick 46)
[2026-06-20 08:42:03] tick done
[2026-06-20 09:12:00] tick start
[2026-06-20 09:12:02] DM HTTP 200 (tick 47)
[2026-06-20 09:12:02] tick done
[2026-06-20 09:42:00] tick start
[2026-06-20 09:42:07] DM HTTP 200 (tick 48 BIG)
[2026-06-20 09:42:07] tick done
[2026-06-20 10:12:00] tick start
[2026-06-20 10:12:06] DM HTTP 200 (tick 49)
[2026-06-20 10:12:06] tick done
[2026-06-20 10:42:00] tick start
[2026-06-20 10:42:03] DM HTTP 200 (tick 50)
[2026-06-20 10:42:03] tick done
[2026-06-20 11:12:00] tick start
[2026-06-20 11:12:03] DM HTTP 200 (tick 51)
[2026-06-20 11:12:03] tick done
[2026-06-20 11:42:00] tick start
[2026-06-20 11:42:02] DM HTTP 200 (tick 52 BIG)
[2026-06-20 11:42:02] tick done
